<?xml version="1.0" encoding="UTF-8"?>
<!-- Generated by org.testng.reporters.JUnitXMLReporter -->
<testsuite ignored="2" hostname="DESKTOP-JD34VKV" failures="0" tests="2" name="Test" time="12.256" errors="0" timestamp="2024-04-03T18:28:31 IST">
  <testcase classname="testcases.LoginPage" name="login" time="3.681"/>
  <testcase classname="testcases.AddUser" name="adduser" time="6.069"/>
  <testcase classname="base.BaseTest" name="@BeforeSuite setup" time="0.0">
    <ignored/>
  </testcase> <!-- @BeforeSuite setup -->
  <testcase classname="base.BaseTest" name="@AfterSuite tearDown" time="0.0">
    <ignored/>
  </testcase> <!-- @AfterSuite tearDown -->
</testsuite> <!-- Test -->
