<?xml version="1.0" encoding="UTF-8"?>
<testng-results ignored="0" total="0" passed="0" failed="0" skipped="0">
  <reporter-output>
  </reporter-output>
  <suite started-at="2024-04-07T00:03:39 IST" name="Surefire suite" finished-at="2024-04-07T00:03:39 IST" duration-ms="23">
    <groups>
    </groups>
    <test started-at="2024-04-07T00:03:39 IST" name="Surefire test" finished-at="2024-04-07T00:03:39 IST" duration-ms="23">
      <class name="base.BaseTest">
        <test-method is-config="true" signature="setup()[pri:0, instance:base.BaseTest@1677d1]" started-at="2024-04-07T00:03:33 IST" name="setup" finished-at="2024-04-07T00:03:39 IST" duration-ms="6009" status="PASS">
          <reporter-output>
          </reporter-output>
        </test-method> <!-- setup -->
        <test-method is-config="true" signature="tearDown()[pri:0, instance:base.BaseTest@1677d1]" started-at="2024-04-07T00:03:39 IST" name="tearDown" finished-at="2024-04-07T00:03:41 IST" duration-ms="1279" status="PASS">
          <reporter-output>
          </reporter-output>
        </test-method> <!-- tearDown -->
      </class> <!-- base.BaseTest -->
    </test> <!-- Surefire test -->
  </suite> <!-- Surefire suite -->
</testng-results>
