<?xml version="1.0" encoding="UTF-8"?>
<testng-results ignored="0" total="2" passed="2" failed="0" skipped="0">
  <reporter-output>
  </reporter-output>
  <suite started-at="2024-04-03T18:28:18 IST" name="Suite" finished-at="2024-04-03T18:28:31 IST" duration-ms="12256">
    <groups>
    </groups>
    <test started-at="2024-04-03T18:28:18 IST" name="Test" finished-at="2024-04-03T18:28:31 IST" duration-ms="12256">
      <class name="testcases.AddUser">
        <test-method signature="adduser(java.lang.String,java.lang.String,java.lang.String)[pri:0, instance:testcases.AddUser@367ffa75]" started-at="2024-04-03T18:28:24 IST" name="adduser" data-provider="bdd" finished-at="2024-04-03T18:28:30 IST" duration-ms="6069" status="PASS">
          <params>
            <param index="0">
              <value>
                <![CDATA[vijay]]>
              </value>
            </param>
            <param index="1">
              <value>
                <![CDATA[vijay@mailinator.com]]>
              </value>
            </param>
            <param index="2">
              <value>
                <![CDATA[9999999999]]>
              </value>
            </param>
          </params>
          <reporter-output>
          </reporter-output>
        </test-method> <!-- adduser -->
      </class> <!-- testcases.AddUser -->
      <class name="testcases.LoginPage">
        <test-method is-config="true" signature="setup()[pri:0, instance:testcases.LoginPage@4d1c00d0]" started-at="2024-04-03T18:28:11 IST" name="setup" finished-at="2024-04-03T18:28:18 IST" duration-ms="6763" status="PASS">
          <reporter-output>
          </reporter-output>
        </test-method> <!-- setup -->
        <test-method signature="login(java.lang.String,java.lang.String)[pri:0, instance:testcases.LoginPage@4d1c00d0]" started-at="2024-04-03T18:28:21 IST" name="login" data-provider="bdd" finished-at="2024-04-03T18:28:24 IST" duration-ms="3681" status="PASS">
          <params>
            <param index="0">
              <value>
                <![CDATA[9876543212]]>
              </value>
            </param>
            <param index="1">
              <value>
                <![CDATA[123456]]>
              </value>
            </param>
          </params>
          <reporter-output>
          </reporter-output>
        </test-method> <!-- login -->
        <test-method is-config="true" signature="tearDown()[pri:0, instance:testcases.LoginPage@4d1c00d0]" started-at="2024-04-03T18:28:31 IST" name="tearDown" finished-at="2024-04-03T18:28:32 IST" duration-ms="1240" status="PASS">
          <reporter-output>
          </reporter-output>
        </test-method> <!-- tearDown -->
      </class> <!-- testcases.LoginPage -->
    </test> <!-- Test -->
  </suite> <!-- Suite -->
</testng-results>
